<?xml version="1.0" encoding="UTF-8"?>
<!-- Generated by org.testng.reporters.JUnitXMLReporter -->
<testsuite ignored="0" hostname="NORIMA-BOSNIA" failures="0" tests="6" name="Test" time="0.058" errors="0" timestamp="2020-11-27T16:19:13 CST">
  <testcase classname="qaclickacademy.Mavenjava.RESRAPITest" name="deleteTwitter" time="0.006"/>
  <testcase classname="qaclickacademy.Mavenjava.RESRAPITest" name="postJira" time="0.001"/>
  <testcase classname="qaclickacademy.Mavenjava.AppiumTest" name="IOSApps" time="0.0"/>
  <testcase classname="qaclickacademy.Mavenjava.AppiumTest" name="NativeAPAndroid" time="0.002"/>
  <testcase classname="qaclickacademy.Mavenjava.SeleniumTest" name="BrowserAutomation" time="0.001"/>
  <testcase classname="qaclickacademy.Mavenjava.SeleniumTest" name="elementsUI" time="0.001"/>
</testsuite> <!-- Test -->
