<?xml version="1.0" encoding="UTF-8"?>
<testng-results ignored="0" total="6" passed="6" failed="0" skipped="0">
  <reporter-output>
  </reporter-output>
  <suite started-at="2020-11-27T16:19:13 CST" name="Suite" finished-at="2020-11-27T16:19:13 CST" duration-ms="58">
    <groups>
    </groups>
    <test started-at="2020-11-27T16:19:13 CST" name="Test" finished-at="2020-11-27T16:19:13 CST" duration-ms="58">
      <class name="qaclickacademy.Mavenjava.AppiumTest">
        <test-method signature="IOSApps()[pri:0, instance:qaclickacademy.Mavenjava.AppiumTest@5db45159]" started-at="2020-11-27T16:19:13 CST" name="IOSApps" finished-at="2020-11-27T16:19:13 CST" duration-ms="0" status="PASS">
          <reporter-output>
          </reporter-output>
        </test-method> <!-- IOSApps -->
        <test-method signature="NativeAPAndroid()[pri:0, instance:qaclickacademy.Mavenjava.AppiumTest@5db45159]" started-at="2020-11-27T16:19:13 CST" name="NativeAPAndroid" finished-at="2020-11-27T16:19:13 CST" duration-ms="2" status="PASS">
          <reporter-output>
          </reporter-output>
        </test-method> <!-- NativeAPAndroid -->
      </class> <!-- qaclickacademy.Mavenjava.AppiumTest -->
      <class name="qaclickacademy.Mavenjava.RESRAPITest">
        <test-method signature="deleteTwitter()[pri:0, instance:qaclickacademy.Mavenjava.RESRAPITest@2b6856dd]" started-at="2020-11-27T16:19:13 CST" name="deleteTwitter" finished-at="2020-11-27T16:19:13 CST" duration-ms="6" status="PASS">
          <reporter-output>
          </reporter-output>
        </test-method> <!-- deleteTwitter -->
        <test-method signature="postJira()[pri:0, instance:qaclickacademy.Mavenjava.RESRAPITest@2b6856dd]" started-at="2020-11-27T16:19:13 CST" name="postJira" finished-at="2020-11-27T16:19:13 CST" duration-ms="1" status="PASS">
          <reporter-output>
          </reporter-output>
        </test-method> <!-- postJira -->
      </class> <!-- qaclickacademy.Mavenjava.RESRAPITest -->
      <class name="qaclickacademy.Mavenjava.SeleniumTest">
        <test-method signature="BrowserAutomation()[pri:0, instance:qaclickacademy.Mavenjava.SeleniumTest@6107227e]" started-at="2020-11-27T16:19:13 CST" name="BrowserAutomation" finished-at="2020-11-27T16:19:13 CST" duration-ms="1" status="PASS">
          <reporter-output>
          </reporter-output>
        </test-method> <!-- BrowserAutomation -->
        <test-method signature="elementsUI()[pri:0, instance:qaclickacademy.Mavenjava.SeleniumTest@6107227e]" started-at="2020-11-27T16:19:13 CST" name="elementsUI" finished-at="2020-11-27T16:19:13 CST" duration-ms="1" status="PASS">
          <reporter-output>
          </reporter-output>
        </test-method> <!-- elementsUI -->
      </class> <!-- qaclickacademy.Mavenjava.SeleniumTest -->
    </test> <!-- Test -->
  </suite> <!-- Suite -->
</testng-results>
